\BOOKMARK [1][-]{section.1}{Einleitung}{}% 1
\BOOKMARK [1][-]{section.2}{Projektziele\040und\040Funktionen}{}% 2
\BOOKMARK [2][-]{subsection.2.1}{Anwendungsbereich\040und\040Zielgruppe}{section.2}% 3
\BOOKMARK [3][-]{subsubsection.2.1.1}{Essensplan}{subsection.2.1}% 4
\BOOKMARK [3][-]{subsubsection.2.1.2}{Preis\040der\040Gerichte}{subsection.2.1}% 5
\BOOKMARK [3][-]{subsubsection.2.1.3}{Adresse\040der\040Mensa}{subsection.2.1}% 6
\BOOKMARK [3][-]{subsubsection.2.1.4}{Mensas\040in\040einer\040Stadt}{subsection.2.1}% 7
\BOOKMARK [3][-]{subsubsection.2.1.5}{Mensa in der Nähe}{subsection.2.1}% 8
\BOOKMARK [2][-]{subsection.2.2}{Szenarien\040und\040Beispieldialoge}{section.2}% 9
\BOOKMARK [3][-]{subsubsection.2.2.1}{Beispieldialoge:\040Essensplan\040und\040Preise\040erfahren}{subsection.2.2}% 10
\BOOKMARK [3][-]{subsubsection.2.2.2}{Beispieldialoge: Die nächste Mensa finden}{subsection.2.2}% 11
\BOOKMARK [3][-]{subsubsection.2.2.3}{Beispieldialoge:\040Die\040Adresse\040einer\040Mensa\040erfahren}{subsection.2.2}% 12
\BOOKMARK [1][-]{section.3}{Projektorganisation}{}% 13
\BOOKMARK [2][-]{subsection.3.1}{TeilnehmerInnen\040&\040Aufgabenverteilung}{section.3}% 14
\BOOKMARK [2][-]{subsection.3.2}{Planungsdokumente\040&\040Milestones}{section.3}% 15
\BOOKMARK [1][-]{section.4}{Entwurf\040des\040Systems,\040Dokumentation}{}% 16
\BOOKMARK [2][-]{subsection.4.1}{Entwicklungsumgebung}{section.4}% 17
\BOOKMARK [2][-]{subsection.4.2}{Tests}{section.4}% 18
\BOOKMARK [2][-]{subsection.4.3}{Intents}{section.4}% 19
\BOOKMARK [1][-]{section.5}{Evaluation\040&\040Projektabschluss}{}% 20
\BOOKMARK [2][-]{subsection.5.1}{Versuchsanordnung:\040Probanden\040&\040Fragebogen}{section.5}% 21
\BOOKMARK [2][-]{subsection.5.2}{Auswertung}{section.5}% 22
\BOOKMARK [2][-]{subsection.5.3}{Ausblick & Verbesserungsmöglichkeiten}{section.5}% 23
\BOOKMARK [1][-]{subsection.5.3}{Anhang:\040Dokumentation\040des\040Backends}{}% 24
